Added Component: Designator=array_jmp1(RAD-0.2)
Added Component: Designator=array_jmp2(RAD-0.2)
Added Component: Designator=btn_header(HDR1X4)
Added Component: Designator=btn_r1(AXIAL-0.3)
Added Component: Designator=btn_r2(AXIAL-0.3)
Added Component: Designator=btn_r3(AXIAL-0.3)
Added Component: Designator=led_r 1(AXIAL-0.3)
Added Component: Designator=led_r 2(AXIAL-0.3)
Added Component: Designator=led_r 3(AXIAL-0.3)
Added Component: Designator=led_r 4(AXIAL-0.3)
Added Component: Designator=led_r 5(AXIAL-0.3)
Added Component: Designator=led_r 6(AXIAL-0.3)
Added Component: Designator=led header(HDR1X7)
Added Component: Designator=Mux 1(4051)
Added Component: Designator=npn1(TO-92A)
Added Component: Designator=npn2(TO-92A)
Added Component: Designator=pnp1(TO-92A)
Added Component: Designator=pnp2(TO-92A)
Added Component: Designator=pwr_r1(AXIAL-0.3)
Added Component: Designator=pwr_r2(AXIAL-0.3)
Added Component: Designator=X_array_pwr(Array pwr)
Added Component: Designator=X array header(array header)
Added Component: Designator=Y_array_pwr(Array pwr)
Added Component: Designator=y array header(array header)
Added Pin To Net: NetName=Netarray_jmp1_1 Pin=array_jmp1-1
Added Pin To Net: NetName=Netarray_jmp1_2 Pin=array_jmp1-2
Added Pin To Net: NetName=Netarray_jmp2_1 Pin=array_jmp2-1
Added Pin To Net: NetName=Netarray_jmp2_2 Pin=array_jmp2-2
Added Pin To Net: NetName=VCC Pin=btn_header-1
Added Pin To Net: NetName=BTN1 Pin=btn_header-2
Added Pin To Net: NetName=BTN2 Pin=btn_header-3
Added Pin To Net: NetName=BTN3 Pin=btn_header-4
Added Pin To Net: NetName=GND Pin=btn_r1-1
Added Pin To Net: NetName=BTN1 Pin=btn_r1-2
Added Pin To Net: NetName=GND Pin=btn_r2-1
Added Pin To Net: NetName=BTN3 Pin=btn_r2-2
Added Pin To Net: NetName=GND Pin=btn_r3-1
Added Pin To Net: NetName=BTN2 Pin=btn_r3-2
Added Pin To Net: NetName=GND Pin=led header-1
Added Pin To Net: NetName=GND Pin=Mux 1-5
Added Pin To Net: NetName=GND Pin=Mux 1-6
Added Pin To Net: NetName=GND Pin=Mux 1-7
Added Pin To Net: NetName=VCC Pin=Mux 1-15
Added Pin To Net: NetName=GND Pin=npn1-1
Added Pin To Net: NetName=Netnpn1_2 Pin=npn1-2
Added Pin To Net: NetName=Netarray_jmp1_1 Pin=npn1-3
Added Pin To Net: NetName=GND Pin=npn2-1
Added Pin To Net: NetName=Netnpn2_2 Pin=npn2-2
Added Pin To Net: NetName=Netarray_jmp2_1 Pin=npn2-3
Added Pin To Net: NetName=GND Pin=pnp1-1
Added Pin To Net: NetName=Netnpn1_2 Pin=pnp1-2
Added Pin To Net: NetName=Netarray_jmp1_2 Pin=pnp1-3
Added Pin To Net: NetName=GND Pin=pnp2-1
Added Pin To Net: NetName=Netnpn2_2 Pin=pnp2-2
Added Pin To Net: NetName=Netarray_jmp2_2 Pin=pnp2-3
Added Pin To Net: NetName=ARRAY2 PWR Pin=pwr_r1-1
Added Pin To Net: NetName=Netnpn1_2 Pin=pwr_r1-2
Added Pin To Net: NetName=ARRAY1 PWR Pin=pwr_r2-1
Added Pin To Net: NetName=Netnpn2_2 Pin=pwr_r2-2
Added Pin To Net: NetName=Netarray_jmp2_1 Pin=X_array_pwr-1
Added Pin To Net: NetName=VCC Pin=X_array_pwr-2
Added Pin To Net: NetName=Netarray_jmp2_2 Pin=X_array_pwr-3
Added Pin To Net: NetName=Netarray_jmp1_1 Pin=Y_array_pwr-1
Added Pin To Net: NetName=VCC Pin=Y_array_pwr-2
Added Pin To Net: NetName=Netarray_jmp1_2 Pin=Y_array_pwr-3
Change Net Name : Old Net Name=MUX1 A New Net Name=MUX A
Added Pin To Net: NetName=LED 1 Pin=DIGI_2-3
Added Pin To Net: NetName=LED 1 Pin=led_r 1-2
Added Net: Name=LED 1
Added Pin To Net: NetName=LED 2 Pin=DIGI_2-4
Added Pin To Net: NetName=LED 2 Pin=led_r 2-2
Added Net: Name=LED 2
Added Pin To Net: NetName=LED 3 Pin=DIGI_2-5
Added Pin To Net: NetName=LED 3 Pin=led_r 3-2
Added Net: Name=LED 3
Added Pin To Net: NetName=LED 4 Pin=DIGI_2-6
Added Pin To Net: NetName=LED 4 Pin=led_r 4-2
Added Net: Name=LED 4
Added Pin To Net: NetName=LED 5 Pin=ADC-4
Added Pin To Net: NetName=LED 5 Pin=led_r 5-2
Added Net: Name=LED 5
Added Pin To Net: NetName=LED 6 Pin=ADC-5
Added Pin To Net: NetName=LED 6 Pin=led_r 6-2
Added Net: Name=LED 6
Added Pin To Net: NetName=MUX B Pin=DIGI_1-3
Added Pin To Net: NetName=MUX B Pin=Mux 1-9
Added Net: Name=MUX B
Added Pin To Net: NetName=MUX C Pin=DIGI_1-4
Added Pin To Net: NetName=MUX C Pin=Mux 1-8
Added Pin To Net: NetName=MUX C Pin=Mux 1-10
Added Net: Name=MUX C
Added Pin To Net: NetName=MUX OUT Pin=ADC-6
Added Pin To Net: NetName=MUX OUT Pin=Mux 1-2
Added Net: Name=MUX OUT
Added Pin To Net: NetName=Netled_r 1_1 Pin=led_r 1-1
Added Pin To Net: NetName=Netled_r 1_1 Pin=led header-7
Added Net: Name=Netled_r 1_1
Added Pin To Net: NetName=Netled_r 2_1 Pin=led_r 2-1
Added Pin To Net: NetName=Netled_r 2_1 Pin=led header-6
Added Net: Name=Netled_r 2_1
Added Pin To Net: NetName=Netled_r 3_1 Pin=led_r 3-1
Added Pin To Net: NetName=Netled_r 3_1 Pin=led header-5
Added Net: Name=Netled_r 3_1
Added Pin To Net: NetName=Netled_r 4_1 Pin=led_r 4-1
Added Pin To Net: NetName=Netled_r 4_1 Pin=led header-4
Added Net: Name=Netled_r 4_1
Added Pin To Net: NetName=Netled_r 5_1 Pin=led_r 5-1
Added Pin To Net: NetName=Netled_r 5_1 Pin=led header-3
Added Net: Name=Netled_r 5_1
Added Pin To Net: NetName=Netled_r 6_1 Pin=led_r 6-1
Added Pin To Net: NetName=Netled_r 6_1 Pin=led header-2
Added Net: Name=Netled_r 6_1
Added Pin To Net: NetName=NetMux 1_0 Pin=y array header-1
Added Net: Name=NetMux 1_0
Added Pin To Net: NetName=NetMux 1_1 Pin=Mux 1-1
Added Pin To Net: NetName=NetMux 1_1 Pin=y array header-3
Added Net: Name=NetMux 1_1
Added Pin To Net: NetName=NetMux 1_3 Pin=Mux 1-3
Added Pin To Net: NetName=NetMux 1_3 Pin=y array header-4
Added Net: Name=NetMux 1_3
Added Pin To Net: NetName=NetMux 1_4 Pin=Mux 1-4
Added Pin To Net: NetName=NetMux 1_4 Pin=y array header-2
Added Net: Name=NetMux 1_4
Added Pin To Net: NetName=NetMux 1_11 Pin=Mux 1-11
Added Pin To Net: NetName=NetMux 1_11 Pin=X array header-4
Added Net: Name=NetMux 1_11
Added Pin To Net: NetName=NetMux 1_12 Pin=Mux 1-12
Added Pin To Net: NetName=NetMux 1_12 Pin=X array header-1
Added Net: Name=NetMux 1_12
Added Pin To Net: NetName=NetMux 1_13 Pin=Mux 1-13
Added Pin To Net: NetName=NetMux 1_13 Pin=X array header-2
Added Net: Name=NetMux 1_13
Added Pin To Net: NetName=NetMux 1_14 Pin=Mux 1-14
Added Pin To Net: NetName=NetMux 1_14 Pin=X array header-3
Added Net: Name=NetMux 1_14
Change Class Name : Old Net Name=ecen201_blank_pcb New Net Name=ecen201_main_schematic
Added Member To Class: ClassName=ecen201_main_schematic Member=Component array_jmp1 Jumper
Added Member To Class: ClassName=ecen201_main_schematic Member=Component array_jmp2 Jumper
Added Member To Class: ClassName=ecen201_main_schematic Member=Component btn_header Header 4
Added Member To Class: ClassName=ecen201_main_schematic Member=Component btn_r1 Res1
Added Member To Class: ClassName=ecen201_main_schematic Member=Component btn_r2 Res1
Added Member To Class: ClassName=ecen201_main_schematic Member=Component btn_r3 Res1
Added Member To Class: ClassName=ecen201_main_schematic Member=Component led_r 1 Res1
Added Member To Class: ClassName=ecen201_main_schematic Member=Component led_r 2 Res1
Added Member To Class: ClassName=ecen201_main_schematic Member=Component led_r 3 Res1
Added Member To Class: ClassName=ecen201_main_schematic Member=Component led_r 4 Res1
Added Member To Class: ClassName=ecen201_main_schematic Member=Component led_r 5 Res1
Added Member To Class: ClassName=ecen201_main_schematic Member=Component led_r 6 Res1
Added Member To Class: ClassName=ecen201_main_schematic Member=Component led header Header 7
Added Member To Class: ClassName=ecen201_main_schematic Member=Component Mux 1 4051
Added Member To Class: ClassName=ecen201_main_schematic Member=Component npn1 2N3904
Added Member To Class: ClassName=ecen201_main_schematic Member=Component npn2 2N3904
Added Member To Class: ClassName=ecen201_main_schematic Member=Component pnp1 2N3906
Added Member To Class: ClassName=ecen201_main_schematic Member=Component pnp2 2N3906
Added Member To Class: ClassName=ecen201_main_schematic Member=Component pwr_r1 Res1
Added Member To Class: ClassName=ecen201_main_schematic Member=Component pwr_r2 Res1
Added Member To Class: ClassName=ecen201_main_schematic Member=Component X_array_pwr Array_pwr
Added Member To Class: ClassName=ecen201_main_schematic Member=Component X array header Array header
Added Member To Class: ClassName=ecen201_main_schematic Member=Component Y_array_pwr Array_pwr
Added Member To Class: ClassName=ecen201_main_schematic Member=Component y array header Array header
Added Room: Name=ecen201_main_schematic
